Analysis & Synthesis report for Project
Wed Jul 16 17:59:58 2025
Quartus II 64-Bit Version 13.0.1 Build 232 06/12/2013 Service Pack 1 SJ Web Edition


---------------------
; Table of Contents ;
---------------------
  1. Legal Notice
  2. Analysis & Synthesis Summary
  3. Analysis & Synthesis Settings
  4. Parallel Compilation
  5. Analysis & Synthesis Source Files Read
  6. Analysis & Synthesis Resource Usage Summary
  7. Analysis & Synthesis Resource Utilization by Entity
  8. State Machine - |Project|state_machine:sm|state
  9. User-Specified and Inferred Latches
 10. Registers Removed During Synthesis
 11. Removed Registers Triggering Further Register Optimizations
 12. General Register Statistics
 13. Inverted Register Statistics
 14. Multiplexer Restructuring Statistics (Restructuring Performed)
 15. Parameter Settings for User Entity Instance: Top-level Entity: |Project
 16. Parameter Settings for User Entity Instance: debounce:btn_deb_0
 17. Parameter Settings for User Entity Instance: debounce:btn_deb_1
 18. Parameter Settings for User Entity Instance: debounce:btn_deb_2
 19. Parameter Settings for User Entity Instance: debounce:btn_deb_3
 20. Parameter Settings for User Entity Instance: state_machine:sm
 21. Parameter Settings for User Entity Instance: generate_clocks:clk_gen
 22. Port Connectivity Checks: "xvga:vga"
 23. Port Connectivity Checks: "hexdisplay:score_2_tens_disp"
 24. Port Connectivity Checks: "hexdisplay:score_2_ones_disp"
 25. Port Connectivity Checks: "hexdisplay:score_1_tens_disp"
 26. Port Connectivity Checks: "hexdisplay:score_1_ones_disp"
 27. Port Connectivity Checks: "state_machine:sm|random_number:rng_2"
 28. Port Connectivity Checks: "state_machine:sm|random_number:rng_1"
 29. Port Connectivity Checks: "state_machine:sm|random_number:rng"
 30. Port Connectivity Checks: "state_machine:sm"
 31. Elapsed Time Per Partition
 32. Analysis & Synthesis Messages
 33. Analysis & Synthesis Suppressed Messages



----------------
; Legal Notice ;
----------------
Copyright (C) 1991-2013 Altera Corporation
Your use of Altera Corporation's design tools, logic functions 
and other software and tools, and its AMPP partner logic 
functions, and any output files from any of the foregoing 
(including device programming or simulation files), and any 
associated documentation or information are expressly subject 
to the terms and conditions of the Altera Program License 
Subscription Agreement, Altera MegaCore Function License 
Agreement, or other applicable license agreement, including, 
without limitation, that your use is for the sole purpose of 
programming logic devices manufactured by Altera and sold by 
Altera or its authorized distributors.  Please refer to the 
applicable agreement for further details.



+--------------------------------------------------------------------------------------+
; Analysis & Synthesis Summary                                                         ;
+------------------------------------+-------------------------------------------------+
; Analysis & Synthesis Status        ; Successful - Wed Jul 16 17:59:58 2025           ;
; Quartus II 64-Bit Version          ; 13.0.1 Build 232 06/12/2013 SP 1 SJ Web Edition ;
; Revision Name                      ; Project                                         ;
; Top-level Entity Name              ; Project                                         ;
; Family                             ; Cyclone II                                      ;
; Total logic elements               ; 1,386                                           ;
;     Total combinational functions  ; 1,353                                           ;
;     Dedicated logic registers      ; 509                                             ;
; Total registers                    ; 509                                             ;
; Total pins                         ; 116                                             ;
; Total virtual pins                 ; 0                                               ;
; Total memory bits                  ; 0                                               ;
; Embedded Multiplier 9-bit elements ; 0                                               ;
; Total PLLs                         ; 0                                               ;
+------------------------------------+-------------------------------------------------+


+----------------------------------------------------------------------------------------------------------------------+
; Analysis & Synthesis Settings                                                                                        ;
+----------------------------------------------------------------------------+--------------------+--------------------+
; Option                                                                     ; Setting            ; Default Value      ;
+----------------------------------------------------------------------------+--------------------+--------------------+
; Device                                                                     ; EP2C35F672C6       ;                    ;
; Top-level entity name                                                      ; Project            ; Project            ;
; Family name                                                                ; Cyclone II         ; Cyclone IV GX      ;
; Use smart compilation                                                      ; Off                ; Off                ;
; Enable parallel Assembler and TimeQuest Timing Analyzer during compilation ; On                 ; On                 ;
; Enable compact report table                                                ; Off                ; Off                ;
; Restructure Multiplexers                                                   ; Auto               ; Auto               ;
; Create Debugging Nodes for IP Cores                                        ; Off                ; Off                ;
; Preserve fewer node names                                                  ; On                 ; On                 ;
; Disable OpenCore Plus hardware evaluation                                  ; Off                ; Off                ;
; Verilog Version                                                            ; Verilog_2001       ; Verilog_2001       ;
; VHDL Version                                                               ; VHDL_1993          ; VHDL_1993          ;
; State Machine Processing                                                   ; Auto               ; Auto               ;
; Safe State Machine                                                         ; Off                ; Off                ;
; Extract Verilog State Machines                                             ; On                 ; On                 ;
; Extract VHDL State Machines                                                ; On                 ; On                 ;
; Ignore Verilog initial constructs                                          ; Off                ; Off                ;
; Iteration limit for constant Verilog loops                                 ; 5000               ; 5000               ;
; Iteration limit for non-constant Verilog loops                             ; 250                ; 250                ;
; Add Pass-Through Logic to Inferred RAMs                                    ; On                 ; On                 ;
; Infer RAMs from Raw Logic                                                  ; On                 ; On                 ;
; Parallel Synthesis                                                         ; On                 ; On                 ;
; DSP Block Balancing                                                        ; Auto               ; Auto               ;
; NOT Gate Push-Back                                                         ; On                 ; On                 ;
; Power-Up Don't Care                                                        ; On                 ; On                 ;
; Remove Redundant Logic Cells                                               ; Off                ; Off                ;
; Remove Duplicate Registers                                                 ; On                 ; On                 ;
; Ignore CARRY Buffers                                                       ; Off                ; Off                ;
; Ignore CASCADE Buffers                                                     ; Off                ; Off                ;
; Ignore GLOBAL Buffers                                                      ; Off                ; Off                ;
; Ignore ROW GLOBAL Buffers                                                  ; Off                ; Off                ;
; Ignore LCELL Buffers                                                       ; Off                ; Off                ;
; Ignore SOFT Buffers                                                        ; On                 ; On                 ;
; Limit AHDL Integers to 32 Bits                                             ; Off                ; Off                ;
; Optimization Technique                                                     ; Balanced           ; Balanced           ;
; Carry Chain Length                                                         ; 70                 ; 70                 ;
; Auto Carry Chains                                                          ; On                 ; On                 ;
; Auto Open-Drain Pins                                                       ; On                 ; On                 ;
; Perform WYSIWYG Primitive Resynthesis                                      ; Off                ; Off                ;
; Auto ROM Replacement                                                       ; On                 ; On                 ;
; Auto RAM Replacement                                                       ; On                 ; On                 ;
; Auto Shift Register Replacement                                            ; Auto               ; Auto               ;
; Allow Shift Register Merging across Hierarchies                            ; Auto               ; Auto               ;
; Auto Clock Enable Replacement                                              ; On                 ; On                 ;
; Strict RAM Replacement                                                     ; Off                ; Off                ;
; Allow Synchronous Control Signals                                          ; On                 ; On                 ;
; Force Use of Synchronous Clear Signals                                     ; Off                ; Off                ;
; Auto RAM to Logic Cell Conversion                                          ; Off                ; Off                ;
; Auto Resource Sharing                                                      ; Off                ; Off                ;
; Allow Any RAM Size For Recognition                                         ; Off                ; Off                ;
; Allow Any ROM Size For Recognition                                         ; Off                ; Off                ;
; Allow Any Shift Register Size For Recognition                              ; Off                ; Off                ;
; Use LogicLock Constraints during Resource Balancing                        ; On                 ; On                 ;
; Ignore translate_off and synthesis_off directives                          ; Off                ; Off                ;
; Timing-Driven Synthesis                                                    ; Off                ; Off                ;
; Report Parameter Settings                                                  ; On                 ; On                 ;
; Report Source Assignments                                                  ; On                 ; On                 ;
; Report Connectivity Checks                                                 ; On                 ; On                 ;
; Ignore Maximum Fan-Out Assignments                                         ; Off                ; Off                ;
; Synchronization Register Chain Length                                      ; 2                  ; 2                  ;
; PowerPlay Power Optimization                                               ; Normal compilation ; Normal compilation ;
; HDL message level                                                          ; Level2             ; Level2             ;
; Suppress Register Optimization Related Messages                            ; Off                ; Off                ;
; Number of Removed Registers Reported in Synthesis Report                   ; 5000               ; 5000               ;
; Number of Swept Nodes Reported in Synthesis Report                         ; 5000               ; 5000               ;
; Number of Inverted Registers Reported in Synthesis Report                  ; 100                ; 100                ;
; Clock MUX Protection                                                       ; On                 ; On                 ;
; Auto Gated Clock Conversion                                                ; Off                ; Off                ;
; Block Design Naming                                                        ; Auto               ; Auto               ;
; SDC constraint protection                                                  ; Off                ; Off                ;
; Synthesis Effort                                                           ; Auto               ; Auto               ;
; Shift Register Replacement - Allow Asynchronous Clear Signal               ; On                 ; On                 ;
; Pre-Mapping Resynthesis Optimization                                       ; Off                ; Off                ;
; Analysis & Synthesis Message Level                                         ; Medium             ; Medium             ;
; Disable Register Merging Across Hierarchies                                ; Auto               ; Auto               ;
; Resource Aware Inference For Block RAM                                     ; On                 ; On                 ;
; Synthesis Seed                                                             ; 1                  ; 1                  ;
+----------------------------------------------------------------------------+--------------------+--------------------+


Parallel compilation was disabled, but you have multiple processors available. Enable parallel compilation to reduce compilation time.
+-------------------------------------+
; Parallel Compilation                ;
+----------------------------+--------+
; Processors                 ; Number ;
+----------------------------+--------+
; Number detected on machine ; 4      ;
; Maximum allowed            ; 1      ;
+----------------------------+--------+


+-------------------------------------------------------------------------------------------------------------------------------------------------------------------+
; Analysis & Synthesis Source Files Read                                                                                                                            ;
+----------------------------------+-----------------+------------------------------+---------------------------------------------------------------------+---------+
; File Name with User-Entered Path ; Used in Netlist ; File Type                    ; File Name with Absolute Path                                        ; Library ;
+----------------------------------+-----------------+------------------------------+---------------------------------------------------------------------+---------+
; Project.v                        ; yes             ; User Verilog HDL File        ; H:/TUM-PC/Dokumente/GitHub/Project_Pong_VHDL/vhdl/Project.v         ;         ;
; random_number.v                  ; yes             ; User Verilog HDL File        ; H:/TUM-PC/Dokumente/GitHub/Project_Pong_VHDL/vhdl/random_number.v   ;         ;
; debounce.v                       ; yes             ; Auto-Found Verilog HDL File  ; H:/TUM-PC/Dokumente/GitHub/Project_Pong_VHDL/vhdl/debounce.v        ;         ;
; state_machine.v                  ; yes             ; Auto-Found Verilog HDL File  ; H:/TUM-PC/Dokumente/GitHub/Project_Pong_VHDL/vhdl/state_machine.v   ;         ;
; hexdisplay.v                     ; yes             ; Auto-Found Verilog HDL File  ; H:/TUM-PC/Dokumente/GitHub/Project_Pong_VHDL/vhdl/hexdisplay.v      ;         ;
; generate_clocks.v                ; yes             ; Auto-Found Verilog HDL File  ; H:/TUM-PC/Dokumente/GitHub/Project_Pong_VHDL/vhdl/generate_clocks.v ;         ;
; xvga.v                           ; yes             ; Auto-Found Verilog HDL File  ; H:/TUM-PC/Dokumente/GitHub/Project_Pong_VHDL/vhdl/xvga.v            ;         ;
+----------------------------------+-----------------+------------------------------+---------------------------------------------------------------------+---------+


+--------------------------------------------------------------------------------+
; Analysis & Synthesis Resource Usage Summary                                    ;
+---------------------------------------------+----------------------------------+
; Resource                                    ; Usage                            ;
+---------------------------------------------+----------------------------------+
; Estimated Total logic elements              ; 1,386                            ;
;                                             ;                                  ;
; Total combinational functions               ; 1353                             ;
; Logic element usage by number of LUT inputs ;                                  ;
;     -- 4 input functions                    ; 314                              ;
;     -- 3 input functions                    ; 304                              ;
;     -- <=2 input functions                  ; 735                              ;
;                                             ;                                  ;
; Logic elements by mode                      ;                                  ;
;     -- normal mode                          ; 558                              ;
;     -- arithmetic mode                      ; 795                              ;
;                                             ;                                  ;
; Total registers                             ; 509                              ;
;     -- Dedicated logic registers            ; 509                              ;
;     -- I/O registers                        ; 0                                ;
;                                             ;                                  ;
; I/O pins                                    ; 116                              ;
; Embedded Multiplier 9-bit elements          ; 0                                ;
; Maximum fan-out node                        ; generate_clocks:clk_gen|clk100Hz ;
; Maximum fan-out                             ; 279                              ;
; Total fan-out                               ; 5447                             ;
; Average fan-out                             ; 2.75                             ;
+---------------------------------------------+----------------------------------+


+--------------------------------------------------------------------------------------------------------------------------------------------------------------------------------------------------------------+
; Analysis & Synthesis Resource Utilization by Entity                                                                                                                                                          ;
+-----------------------------------+-------------------+--------------+-------------+--------------+---------+-----------+------+--------------+-----------------------------------------------+--------------+
; Compilation Hierarchy Node        ; LC Combinationals ; LC Registers ; Memory Bits ; DSP Elements ; DSP 9x9 ; DSP 18x18 ; Pins ; Virtual Pins ; Full Hierarchy Name                           ; Library Name ;
+-----------------------------------+-------------------+--------------+-------------+--------------+---------+-----------+------+--------------+-----------------------------------------------+--------------+
; |Project                          ; 1353 (206)        ; 509 (30)     ; 0           ; 0            ; 0       ; 0         ; 116  ; 0            ; |Project                                      ; work         ;
;    |debounce:btn_deb_0|           ; 42 (42)           ; 31 (31)      ; 0           ; 0            ; 0       ; 0         ; 0    ; 0            ; |Project|debounce:btn_deb_0                   ; work         ;
;    |debounce:btn_deb_1|           ; 42 (42)           ; 31 (31)      ; 0           ; 0            ; 0       ; 0         ; 0    ; 0            ; |Project|debounce:btn_deb_1                   ; work         ;
;    |debounce:btn_deb_2|           ; 42 (42)           ; 31 (31)      ; 0           ; 0            ; 0       ; 0         ; 0    ; 0            ; |Project|debounce:btn_deb_2                   ; work         ;
;    |debounce:btn_deb_3|           ; 42 (42)           ; 31 (31)      ; 0           ; 0            ; 0       ; 0         ; 0    ; 0            ; |Project|debounce:btn_deb_3                   ; work         ;
;    |generate_clocks:clk_gen|      ; 53 (53)           ; 34 (34)      ; 0           ; 0            ; 0       ; 0         ; 0    ; 0            ; |Project|generate_clocks:clk_gen              ; work         ;
;    |hexdisplay:score_1_ones_disp| ; 15 (15)           ; 0 (0)        ; 0           ; 0            ; 0       ; 0         ; 0    ; 0            ; |Project|hexdisplay:score_1_ones_disp         ; work         ;
;    |hexdisplay:score_1_tens_disp| ; 15 (15)           ; 0 (0)        ; 0           ; 0            ; 0       ; 0         ; 0    ; 0            ; |Project|hexdisplay:score_1_tens_disp         ; work         ;
;    |hexdisplay:score_2_ones_disp| ; 15 (15)           ; 0 (0)        ; 0           ; 0            ; 0       ; 0         ; 0    ; 0            ; |Project|hexdisplay:score_2_ones_disp         ; work         ;
;    |hexdisplay:score_2_tens_disp| ; 15 (15)           ; 0 (0)        ; 0           ; 0            ; 0       ; 0         ; 0    ; 0            ; |Project|hexdisplay:score_2_tens_disp         ; work         ;
;    |state_machine:sm|             ; 814 (772)         ; 295 (278)    ; 0           ; 0            ; 0       ; 0         ; 0    ; 0            ; |Project|state_machine:sm                     ; work         ;
;       |random_number:rng_1|       ; 10 (10)           ; 4 (4)        ; 0           ; 0            ; 0       ; 0         ; 0    ; 0            ; |Project|state_machine:sm|random_number:rng_1 ; work         ;
;       |random_number:rng_2|       ; 10 (10)           ; 4 (4)        ; 0           ; 0            ; 0       ; 0         ; 0    ; 0            ; |Project|state_machine:sm|random_number:rng_2 ; work         ;
;       |random_number:rng|         ; 22 (22)           ; 9 (9)        ; 0           ; 0            ; 0       ; 0         ; 0    ; 0            ; |Project|state_machine:sm|random_number:rng   ; work         ;
;    |xvga:vga|                     ; 52 (52)           ; 26 (26)      ; 0           ; 0            ; 0       ; 0         ; 0    ; 0            ; |Project|xvga:vga                             ; work         ;
+-----------------------------------+-------------------+--------------+-------------+--------------+---------+-----------+------+--------------+-----------------------------------------------+--------------+
Note: For table entries with two numbers listed, the numbers in parentheses indicate the number of resources of the given type used by the specific entity alone. The numbers listed outside of parentheses indicate the total resources of the given type used by the specific entity and all of its sub-entities in the hierarchy.


Encoding Type:  One-Hot
+-----------------------------------------------------------+
; State Machine - |Project|state_machine:sm|state           ;
+-----------+-----------+-----------+-----------+-----------+
; Name      ; state.000 ; state.100 ; state.010 ; state.001 ;
+-----------+-----------+-----------+-----------+-----------+
; state.000 ; 0         ; 0         ; 0         ; 0         ;
; state.001 ; 1         ; 0         ; 0         ; 1         ;
; state.010 ; 1         ; 0         ; 1         ; 0         ;
; state.100 ; 1         ; 1         ; 0         ; 0         ;
+-----------+-----------+-----------+-----------+-----------+


+------------------------------------------------------------------------------------------------------------------+
; User-Specified and Inferred Latches                                                                              ;
+-----------------------------------------------------+-----------------------------------+------------------------+
; Latch Name                                          ; Latch Enable Signal               ; Free of Timing Hazards ;
+-----------------------------------------------------+-----------------------------------+------------------------+
; hexdisplay:score_2_ones_disp|out_SEG[0]             ; hexdisplay:score_2_ones_disp|Mux7 ; yes                    ;
; hexdisplay:score_2_ones_disp|out_SEG[1]             ; hexdisplay:score_2_ones_disp|Mux7 ; yes                    ;
; hexdisplay:score_2_ones_disp|out_SEG[2]             ; hexdisplay:score_2_ones_disp|Mux7 ; yes                    ;
; hexdisplay:score_2_ones_disp|out_SEG[3]             ; hexdisplay:score_2_ones_disp|Mux7 ; yes                    ;
; hexdisplay:score_2_ones_disp|out_SEG[4]             ; hexdisplay:score_2_ones_disp|Mux7 ; yes                    ;
; hexdisplay:score_2_ones_disp|out_SEG[5]             ; hexdisplay:score_2_ones_disp|Mux7 ; yes                    ;
; hexdisplay:score_2_ones_disp|out_SEG[6]             ; hexdisplay:score_2_ones_disp|Mux7 ; yes                    ;
; hexdisplay:score_2_tens_disp|out_SEG[0]             ; hexdisplay:score_2_tens_disp|Mux7 ; yes                    ;
; hexdisplay:score_2_tens_disp|out_SEG[1]             ; hexdisplay:score_2_tens_disp|Mux7 ; yes                    ;
; hexdisplay:score_2_tens_disp|out_SEG[2]             ; hexdisplay:score_2_tens_disp|Mux7 ; yes                    ;
; hexdisplay:score_2_tens_disp|out_SEG[3]             ; hexdisplay:score_2_tens_disp|Mux7 ; yes                    ;
; hexdisplay:score_2_tens_disp|out_SEG[4]             ; hexdisplay:score_2_tens_disp|Mux7 ; yes                    ;
; hexdisplay:score_2_tens_disp|out_SEG[5]             ; hexdisplay:score_2_tens_disp|Mux7 ; yes                    ;
; hexdisplay:score_2_tens_disp|out_SEG[6]             ; hexdisplay:score_2_tens_disp|Mux7 ; yes                    ;
; hexdisplay:score_1_ones_disp|out_SEG[0]             ; hexdisplay:score_1_ones_disp|Mux7 ; yes                    ;
; hexdisplay:score_1_ones_disp|out_SEG[1]             ; hexdisplay:score_1_ones_disp|Mux7 ; yes                    ;
; hexdisplay:score_1_ones_disp|out_SEG[2]             ; hexdisplay:score_1_ones_disp|Mux7 ; yes                    ;
; hexdisplay:score_1_ones_disp|out_SEG[3]             ; hexdisplay:score_1_ones_disp|Mux7 ; yes                    ;
; hexdisplay:score_1_ones_disp|out_SEG[4]             ; hexdisplay:score_1_ones_disp|Mux7 ; yes                    ;
; hexdisplay:score_1_ones_disp|out_SEG[5]             ; hexdisplay:score_1_ones_disp|Mux7 ; yes                    ;
; hexdisplay:score_1_ones_disp|out_SEG[6]             ; hexdisplay:score_1_ones_disp|Mux7 ; yes                    ;
; hexdisplay:score_1_tens_disp|out_SEG[0]             ; hexdisplay:score_1_tens_disp|Mux7 ; yes                    ;
; hexdisplay:score_1_tens_disp|out_SEG[1]             ; hexdisplay:score_1_tens_disp|Mux7 ; yes                    ;
; hexdisplay:score_1_tens_disp|out_SEG[2]             ; hexdisplay:score_1_tens_disp|Mux7 ; yes                    ;
; hexdisplay:score_1_tens_disp|out_SEG[3]             ; hexdisplay:score_1_tens_disp|Mux7 ; yes                    ;
; hexdisplay:score_1_tens_disp|out_SEG[4]             ; hexdisplay:score_1_tens_disp|Mux7 ; yes                    ;
; hexdisplay:score_1_tens_disp|out_SEG[5]             ; hexdisplay:score_1_tens_disp|Mux7 ; yes                    ;
; hexdisplay:score_1_tens_disp|out_SEG[6]             ; hexdisplay:score_1_tens_disp|Mux7 ; yes                    ;
; Number of user-specified and inferred latches = 28  ;                                   ;                        ;
+-----------------------------------------------------+-----------------------------------+------------------------+
Note: All latches listed above may not be present at the end of synthesis due to various synthesis optimizations.


+-------------------------------------------------------------------------------------------------------------------+
; Registers Removed During Synthesis                                                                                ;
+------------------------------------------------------+------------------------------------------------------------+
; Register name                                        ; Reason for Removal                                         ;
+------------------------------------------------------+------------------------------------------------------------+
; state_machine:sm|random_number:rng_2|counter[1]      ; Merged with state_machine:sm|random_number:rng_2|number[1] ;
; state_machine:sm|random_number:rng_1|counter[1]      ; Merged with state_machine:sm|random_number:rng_1|number[1] ;
; state_machine:sm|random_number:rng|counter[0]        ; Merged with state_machine:sm|random_number:rng|number[0]   ;
; state_machine:sm|random_number:rng|counter[1]        ; Merged with state_machine:sm|random_number:rng|number[1]   ;
; state_machine:sm|random_number:rng|counter[2]        ; Merged with state_machine:sm|random_number:rng|number[2]   ;
; state_machine:sm|random_number:rng|counter[3]        ; Merged with state_machine:sm|random_number:rng|number[3]   ;
; state_machine:sm|random_number:rng|counter[4]        ; Merged with state_machine:sm|random_number:rng|number[4]   ;
; state_machine:sm|random_number:rng|counter[5]        ; Merged with state_machine:sm|random_number:rng|number[5]   ;
; state_machine:sm|random_number:rng|counter[6]        ; Merged with state_machine:sm|random_number:rng|number[6]   ;
; state_machine:sm|random_number:rng|counter[7]        ; Merged with state_machine:sm|random_number:rng|number[7]   ;
; state_machine:sm|random_number:rng|counter[8]        ; Merged with state_machine:sm|random_number:rng|number[8]   ;
; state_machine:sm|random_number:rng|counter[9]        ; Merged with state_machine:sm|random_number:rng|number[9]   ;
; state_machine:sm|dx[0]                               ; Merged with state_machine:sm|dy[0]                         ;
; state_machine:sm|random_number:rng|counter[28..31]   ; Stuck at GND due to stuck port data_in                     ;
; state_machine:sm|random_number:rng_1|counter[28..31] ; Stuck at GND due to stuck port data_in                     ;
; state_machine:sm|random_number:rng_2|counter[28..31] ; Stuck at GND due to stuck port data_in                     ;
; state_machine:sm|random_number:rng|counter[25..27]   ; Stuck at GND due to stuck port data_in                     ;
; state_machine:sm|random_number:rng_1|counter[25..27] ; Stuck at GND due to stuck port data_in                     ;
; state_machine:sm|random_number:rng_2|counter[25..27] ; Stuck at GND due to stuck port data_in                     ;
; state_machine:sm|paddle_dy[10..31]                   ; Lost fanout                                                ;
; state_machine:sm|random_number:rng|number[9]         ; Stuck at GND due to stuck port data_in                     ;
; state_machine:sm|random_number:rng|counter[10..24]   ; Stuck at GND due to stuck port data_in                     ;
; state_machine:sm|random_number:rng_1|counter[4..24]  ; Stuck at GND due to stuck port data_in                     ;
; state_machine:sm|random_number:rng_2|counter[4..24]  ; Stuck at GND due to stuck port data_in                     ;
; Total Number of Removed Registers = 114              ;                                                            ;
+------------------------------------------------------+------------------------------------------------------------+


+------------------------------------------------------------------------------------------------------------------------------------------------+
; Removed Registers Triggering Further Register Optimizations                                                                                    ;
+--------------------------------------------------+---------------------------+-----------------------------------------------------------------+
; Register name                                    ; Reason for Removal        ; Registers Removed due to This Register                          ;
+--------------------------------------------------+---------------------------+-----------------------------------------------------------------+
; state_machine:sm|random_number:rng_1|counter[31] ; Stuck at GND              ; state_machine:sm|random_number:rng_1|counter[27],               ;
;                                                  ; due to stuck port data_in ; state_machine:sm|random_number:rng_1|counter[26],               ;
;                                                  ;                           ; state_machine:sm|random_number:rng_1|counter[25],               ;
;                                                  ;                           ; state_machine:sm|random_number:rng_1|counter[4],                ;
;                                                  ;                           ; state_machine:sm|random_number:rng_1|counter[5],                ;
;                                                  ;                           ; state_machine:sm|random_number:rng_1|counter[6],                ;
;                                                  ;                           ; state_machine:sm|random_number:rng_1|counter[7],                ;
;                                                  ;                           ; state_machine:sm|random_number:rng_1|counter[8],                ;
;                                                  ;                           ; state_machine:sm|random_number:rng_1|counter[9],                ;
;                                                  ;                           ; state_machine:sm|random_number:rng_1|counter[10],               ;
;                                                  ;                           ; state_machine:sm|random_number:rng_1|counter[11],               ;
;                                                  ;                           ; state_machine:sm|random_number:rng_1|counter[12],               ;
;                                                  ;                           ; state_machine:sm|random_number:rng_1|counter[13],               ;
;                                                  ;                           ; state_machine:sm|random_number:rng_1|counter[14],               ;
;                                                  ;                           ; state_machine:sm|random_number:rng_1|counter[15],               ;
;                                                  ;                           ; state_machine:sm|random_number:rng_1|counter[16],               ;
;                                                  ;                           ; state_machine:sm|random_number:rng_1|counter[17],               ;
;                                                  ;                           ; state_machine:sm|random_number:rng_1|counter[18],               ;
;                                                  ;                           ; state_machine:sm|random_number:rng_1|counter[19],               ;
;                                                  ;                           ; state_machine:sm|random_number:rng_1|counter[20],               ;
;                                                  ;                           ; state_machine:sm|random_number:rng_1|counter[21],               ;
;                                                  ;                           ; state_machine:sm|random_number:rng_1|counter[22],               ;
;                                                  ;                           ; state_machine:sm|random_number:rng_1|counter[23],               ;
;                                                  ;                           ; state_machine:sm|random_number:rng_1|counter[24]                ;
; state_machine:sm|random_number:rng_2|counter[31] ; Stuck at GND              ; state_machine:sm|random_number:rng_2|counter[27],               ;
;                                                  ; due to stuck port data_in ; state_machine:sm|random_number:rng_2|counter[26],               ;
;                                                  ;                           ; state_machine:sm|random_number:rng_2|counter[25],               ;
;                                                  ;                           ; state_machine:sm|random_number:rng_2|counter[4],                ;
;                                                  ;                           ; state_machine:sm|random_number:rng_2|counter[5],                ;
;                                                  ;                           ; state_machine:sm|random_number:rng_2|counter[6],                ;
;                                                  ;                           ; state_machine:sm|random_number:rng_2|counter[7],                ;
;                                                  ;                           ; state_machine:sm|random_number:rng_2|counter[8],                ;
;                                                  ;                           ; state_machine:sm|random_number:rng_2|counter[9],                ;
;                                                  ;                           ; state_machine:sm|random_number:rng_2|counter[10],               ;
;                                                  ;                           ; state_machine:sm|random_number:rng_2|counter[11],               ;
;                                                  ;                           ; state_machine:sm|random_number:rng_2|counter[12],               ;
;                                                  ;                           ; state_machine:sm|random_number:rng_2|counter[13],               ;
;                                                  ;                           ; state_machine:sm|random_number:rng_2|counter[14],               ;
;                                                  ;                           ; state_machine:sm|random_number:rng_2|counter[15],               ;
;                                                  ;                           ; state_machine:sm|random_number:rng_2|counter[16],               ;
;                                                  ;                           ; state_machine:sm|random_number:rng_2|counter[17],               ;
;                                                  ;                           ; state_machine:sm|random_number:rng_2|counter[18],               ;
;                                                  ;                           ; state_machine:sm|random_number:rng_2|counter[19],               ;
;                                                  ;                           ; state_machine:sm|random_number:rng_2|counter[20],               ;
;                                                  ;                           ; state_machine:sm|random_number:rng_2|counter[21],               ;
;                                                  ;                           ; state_machine:sm|random_number:rng_2|counter[22],               ;
;                                                  ;                           ; state_machine:sm|random_number:rng_2|counter[23],               ;
;                                                  ;                           ; state_machine:sm|random_number:rng_2|counter[24]                ;
; state_machine:sm|paddle_dy[31]                   ; Lost Fanouts              ; state_machine:sm|paddle_dy[30], state_machine:sm|paddle_dy[29], ;
;                                                  ;                           ; state_machine:sm|paddle_dy[28], state_machine:sm|paddle_dy[27], ;
;                                                  ;                           ; state_machine:sm|paddle_dy[26], state_machine:sm|paddle_dy[25], ;
;                                                  ;                           ; state_machine:sm|paddle_dy[24], state_machine:sm|paddle_dy[23], ;
;                                                  ;                           ; state_machine:sm|paddle_dy[22], state_machine:sm|paddle_dy[21], ;
;                                                  ;                           ; state_machine:sm|paddle_dy[20], state_machine:sm|paddle_dy[19], ;
;                                                  ;                           ; state_machine:sm|paddle_dy[18], state_machine:sm|paddle_dy[17], ;
;                                                  ;                           ; state_machine:sm|paddle_dy[16], state_machine:sm|paddle_dy[15], ;
;                                                  ;                           ; state_machine:sm|paddle_dy[14], state_machine:sm|paddle_dy[13], ;
;                                                  ;                           ; state_machine:sm|paddle_dy[12], state_machine:sm|paddle_dy[11], ;
;                                                  ;                           ; state_machine:sm|paddle_dy[10]                                  ;
; state_machine:sm|random_number:rng|counter[31]   ; Stuck at GND              ; state_machine:sm|random_number:rng|counter[27],                 ;
;                                                  ; due to stuck port data_in ; state_machine:sm|random_number:rng|counter[26],                 ;
;                                                  ;                           ; state_machine:sm|random_number:rng|counter[25],                 ;
;                                                  ;                           ; state_machine:sm|random_number:rng|number[9],                   ;
;                                                  ;                           ; state_machine:sm|random_number:rng|counter[10],                 ;
;                                                  ;                           ; state_machine:sm|random_number:rng|counter[11],                 ;
;                                                  ;                           ; state_machine:sm|random_number:rng|counter[12],                 ;
;                                                  ;                           ; state_machine:sm|random_number:rng|counter[13],                 ;
;                                                  ;                           ; state_machine:sm|random_number:rng|counter[14],                 ;
;                                                  ;                           ; state_machine:sm|random_number:rng|counter[15],                 ;
;                                                  ;                           ; state_machine:sm|random_number:rng|counter[16],                 ;
;                                                  ;                           ; state_machine:sm|random_number:rng|counter[17],                 ;
;                                                  ;                           ; state_machine:sm|random_number:rng|counter[18],                 ;
;                                                  ;                           ; state_machine:sm|random_number:rng|counter[19],                 ;
;                                                  ;                           ; state_machine:sm|random_number:rng|counter[20],                 ;
;                                                  ;                           ; state_machine:sm|random_number:rng|counter[21],                 ;
;                                                  ;                           ; state_machine:sm|random_number:rng|counter[22],                 ;
;                                                  ;                           ; state_machine:sm|random_number:rng|counter[23],                 ;
;                                                  ;                           ; state_machine:sm|random_number:rng|counter[24]                  ;
+--------------------------------------------------+---------------------------+-----------------------------------------------------------------+


+------------------------------------------------------+
; General Register Statistics                          ;
+----------------------------------------------+-------+
; Statistic                                    ; Value ;
+----------------------------------------------+-------+
; Total registers                              ; 509   ;
; Number of registers using Synchronous Clear  ; 319   ;
; Number of registers using Synchronous Load   ; 31    ;
; Number of registers using Asynchronous Clear ; 0     ;
; Number of registers using Asynchronous Load  ; 0     ;
; Number of registers using Clock Enable       ; 398   ;
; Number of registers using Preset             ; 0     ;
+----------------------------------------------+-------+


+-----------------------------------------------------------+
; Inverted Register Statistics                              ;
+-------------------------------------------------+---------+
; Inverted Register                               ; Fan out ;
+-------------------------------------------------+---------+
; state_machine:sm|paddle_2_y[7]                  ; 9       ;
; state_machine:sm|paddle_2_y[6]                  ; 10      ;
; state_machine:sm|paddle_2_y[5]                  ; 9       ;
; state_machine:sm|paddle_2_y[4]                  ; 10      ;
; state_machine:sm|paddle_2_y[3]                  ; 9       ;
; state_machine:sm|paddle_2_y[1]                  ; 9       ;
; state_machine:sm|paddle_1_y[7]                  ; 9       ;
; state_machine:sm|paddle_1_y[6]                  ; 10      ;
; state_machine:sm|paddle_1_y[5]                  ; 9       ;
; state_machine:sm|paddle_1_y[4]                  ; 10      ;
; state_machine:sm|paddle_1_y[3]                  ; 9       ;
; state_machine:sm|paddle_1_y[1]                  ; 9       ;
; state_machine:sm|ball_y[8]                      ; 8       ;
; state_machine:sm|ball_y[4]                      ; 9       ;
; state_machine:sm|ball_y[3]                      ; 8       ;
; state_machine:sm|ball_y[2]                      ; 8       ;
; state_machine:sm|ball_y[0]                      ; 9       ;
; state_machine:sm|ball_x[8]                      ; 5       ;
; state_machine:sm|ball_x[6]                      ; 6       ;
; state_machine:sm|ball_x[2]                      ; 7       ;
; state_machine:sm|ball_x[0]                      ; 5       ;
; debounce:btn_deb_1|debounced                    ; 7       ;
; debounce:btn_deb_0|debounced                    ; 4       ;
; state_machine:sm|paddle_dy[1]                   ; 5       ;
; state_machine:sm|paddle_dy[0]                   ; 5       ;
; debounce:btn_deb_3|debounced                    ; 7       ;
; debounce:btn_deb_2|debounced                    ; 4       ;
; state_machine:sm|dy[0]                          ; 12      ;
; state_machine:sm|random_number:rng|number[0]    ; 2       ;
; state_machine:sm|random_number:rng_2|counter[0] ; 1       ;
; state_machine:sm|random_number:rng_1|counter[0] ; 1       ;
; Total number of inverted registers = 31         ;         ;
+-------------------------------------------------+---------+


+----------------------------------------------------------------------------------------------------------------------------------------------------------+
; Multiplexer Restructuring Statistics (Restructuring Performed)                                                                                           ;
+--------------------+-----------+---------------+----------------------+------------------------+------------+--------------------------------------------+
; Multiplexer Inputs ; Bus Width ; Baseline Area ; Area if Restructured ; Saving if Restructured ; Registered ; Example Multiplexer Output                 ;
+--------------------+-----------+---------------+----------------------+------------------------+------------+--------------------------------------------+
; 3:1                ; 29 bits   ; 58 LEs        ; 29 LEs               ; 29 LEs                 ; Yes        ; |Project|debounce:btn_deb_2|count[17]      ;
; 3:1                ; 29 bits   ; 58 LEs        ; 29 LEs               ; 29 LEs                 ; Yes        ; |Project|debounce:btn_deb_3|count[11]      ;
; 3:1                ; 29 bits   ; 58 LEs        ; 29 LEs               ; 29 LEs                 ; Yes        ; |Project|debounce:btn_deb_0|count[21]      ;
; 3:1                ; 29 bits   ; 58 LEs        ; 29 LEs               ; 29 LEs                 ; Yes        ; |Project|debounce:btn_deb_1|count[4]       ;
; 5:1                ; 6 bits    ; 18 LEs        ; 6 LEs                ; 12 LEs                 ; Yes        ; |Project|state_machine:sm|ball_x[9]        ;
; 5:1                ; 5 bits    ; 15 LEs        ; 10 LEs               ; 5 LEs                  ; Yes        ; |Project|state_machine:sm|ball_y[1]        ;
; 6:1                ; 32 bits   ; 128 LEs       ; 32 LEs               ; 96 LEs                 ; Yes        ; |Project|state_machine:sm|score_1_tens[28] ;
; 6:1                ; 32 bits   ; 128 LEs       ; 32 LEs               ; 96 LEs                 ; Yes        ; |Project|state_machine:sm|score_1_ones[3]  ;
; 7:1                ; 32 bits   ; 128 LEs       ; 32 LEs               ; 96 LEs                 ; Yes        ; |Project|state_machine:sm|score_2_tens[14] ;
; 7:1                ; 32 bits   ; 128 LEs       ; 32 LEs               ; 96 LEs                 ; Yes        ; |Project|state_machine:sm|score_2_ones[17] ;
; 8:1                ; 31 bits   ; 155 LEs       ; 62 LEs               ; 93 LEs                 ; Yes        ; |Project|state_machine:sm|dx[11]           ;
; 9:1                ; 3 bits    ; 18 LEs        ; 6 LEs                ; 12 LEs                 ; Yes        ; |Project|state_machine:sm|paddle_1_y[2]    ;
; 9:1                ; 3 bits    ; 18 LEs        ; 6 LEs                ; 12 LEs                 ; Yes        ; |Project|state_machine:sm|paddle_2_y[2]    ;
; 9:1                ; 31 bits   ; 186 LEs       ; 93 LEs               ; 93 LEs                 ; Yes        ; |Project|state_machine:sm|dy[24]           ;
; 5:1                ; 4 bits    ; 12 LEs        ; 4 LEs                ; 8 LEs                  ; Yes        ; |Project|state_machine:sm|ball_x[0]        ;
; 5:1                ; 5 bits    ; 15 LEs        ; 10 LEs               ; 5 LEs                  ; Yes        ; |Project|state_machine:sm|ball_y[2]        ;
; 6:1                ; 2 bits    ; 8 LEs         ; 2 LEs                ; 6 LEs                  ; Yes        ; |Project|state_machine:sm|paddle_dy[0]     ;
; 9:1                ; 6 bits    ; 36 LEs        ; 12 LEs               ; 24 LEs                 ; Yes        ; |Project|state_machine:sm|paddle_1_y[5]    ;
; 9:1                ; 6 bits    ; 36 LEs        ; 12 LEs               ; 24 LEs                 ; Yes        ; |Project|state_machine:sm|paddle_2_y[5]    ;
; 4:1                ; 30 bits   ; 60 LEs        ; 30 LEs               ; 30 LEs                 ; No         ; |Project|state_machine:sm|paddle_dy        ;
; 11:1               ; 4 bits    ; 28 LEs        ; 16 LEs               ; 12 LEs                 ; No         ; |Project|state_machine:sm|state            ;
+--------------------+-----------+---------------+----------------------+------------------------+------------+--------------------------------------------+


+-------------------------------------------------------------------------+
; Parameter Settings for User Entity Instance: Top-level Entity: |Project ;
+-------------------+-------+---------------------------------------------+
; Parameter Name    ; Value ; Type                                        ;
+-------------------+-------+---------------------------------------------+
; upper_lim_y       ; 470   ; Signed Integer                              ;
; lower_lim_y       ; 5     ; Signed Integer                              ;
; upper_lim_x       ; 640   ; Signed Integer                              ;
; lower_lim_x       ; 10    ; Signed Integer                              ;
; mid_line_x        ; 325   ; Signed Integer                              ;
; mid_line_size_x   ; 1     ; Signed Integer                              ;
; mid_y             ; 238   ; Signed Integer                              ;
; BALL_SIZE         ; 5     ; Signed Integer                              ;
; initial_ball_x    ; 325   ; Signed Integer                              ;
; initial_ball_y    ; 285   ; Signed Integer                              ;
; initial_dx        ; 1     ; Signed Integer                              ;
; initial_dy        ; 1     ; Signed Integer                              ;
; paddle_size_x     ; 10    ; Signed Integer                              ;
; paddle_size_y     ; 100   ; Signed Integer                              ;
; disp_shift        ; 50    ; Signed Integer                              ;
; paddle_1_x        ; 15    ; Signed Integer                              ;
; paddle_2_x        ; 630   ; Signed Integer                              ;
; initial_paddle_dy ; 3     ; Signed Integer                              ;
; initial_paddle_y  ; 250   ; Signed Integer                              ;
+-------------------+-------+---------------------------------------------+
Note: In order to hide this table in the UI and the text report file, please set the "Show Parameter Settings in Synthesis Report" option in "Analysis and Synthesis Settings -> More Settings" to "Off".


+-----------------------------------------------------------------+
; Parameter Settings for User Entity Instance: debounce:btn_deb_0 ;
+----------------+--------+---------------------------------------+
; Parameter Name ; Value  ; Type                                  ;
+----------------+--------+---------------------------------------+
; delay          ; 500000 ; Signed Integer                        ;
+----------------+--------+---------------------------------------+
Note: In order to hide this table in the UI and the text report file, please set the "Show Parameter Settings in Synthesis Report" option in "Analysis and Synthesis Settings -> More Settings" to "Off".


+-----------------------------------------------------------------+
; Parameter Settings for User Entity Instance: debounce:btn_deb_1 ;
+----------------+--------+---------------------------------------+
; Parameter Name ; Value  ; Type                                  ;
+----------------+--------+---------------------------------------+
; delay          ; 500000 ; Signed Integer                        ;
+----------------+--------+---------------------------------------+
Note: In order to hide this table in the UI and the text report file, please set the "Show Parameter Settings in Synthesis Report" option in "Analysis and Synthesis Settings -> More Settings" to "Off".


+-----------------------------------------------------------------+
; Parameter Settings for User Entity Instance: debounce:btn_deb_2 ;
+----------------+--------+---------------------------------------+
; Parameter Name ; Value  ; Type                                  ;
+----------------+--------+---------------------------------------+
; delay          ; 500000 ; Signed Integer                        ;
+----------------+--------+---------------------------------------+
Note: In order to hide this table in the UI and the text report file, please set the "Show Parameter Settings in Synthesis Report" option in "Analysis and Synthesis Settings -> More Settings" to "Off".


+-----------------------------------------------------------------+
; Parameter Settings for User Entity Instance: debounce:btn_deb_3 ;
+----------------+--------+---------------------------------------+
; Parameter Name ; Value  ; Type                                  ;
+----------------+--------+---------------------------------------+
; delay          ; 500000 ; Signed Integer                        ;
+----------------+--------+---------------------------------------+
Note: In order to hide this table in the UI and the text report file, please set the "Show Parameter Settings in Synthesis Report" option in "Analysis and Synthesis Settings -> More Settings" to "Off".


+---------------------------------------------------------------+
; Parameter Settings for User Entity Instance: state_machine:sm ;
+-------------------+-------+-----------------------------------+
; Parameter Name    ; Value ; Type                              ;
+-------------------+-------+-----------------------------------+
; upper_lim_y       ; 470   ; Signed Integer                    ;
; lower_lim_y       ; 5     ; Signed Integer                    ;
; upper_lim_x       ; 640   ; Signed Integer                    ;
; lower_lim_x       ; 10    ; Signed Integer                    ;
; BALL_SIZE         ; 5     ; Signed Integer                    ;
; initial_ball_x    ; 325   ; Signed Integer                    ;
; initial_ball_y    ; 285   ; Signed Integer                    ;
; initial_dx        ; 1     ; Signed Integer                    ;
; initial_dy        ; 1     ; Signed Integer                    ;
; paddle_size_x     ; 10    ; Signed Integer                    ;
; paddle_size_y     ; 100   ; Signed Integer                    ;
; disp_shift        ; 50    ; Signed Integer                    ;
; paddle_1_x        ; 15    ; Signed Integer                    ;
; paddle_2_x        ; 630   ; Signed Integer                    ;
; initial_paddle_dy ; 3     ; Signed Integer                    ;
; initial_paddle_y  ; 250   ; Signed Integer                    ;
+-------------------+-------+-----------------------------------+
Note: In order to hide this table in the UI and the text report file, please set the "Show Parameter Settings in Synthesis Report" option in "Analysis and Synthesis Settings -> More Settings" to "Off".


+----------------------------------------------------------------------+
; Parameter Settings for User Entity Instance: generate_clocks:clk_gen ;
+----------------+--------+--------------------------------------------+
; Parameter Name ; Value  ; Type                                       ;
+----------------+--------+--------------------------------------------+
; COUNT_MAX      ; 250000 ; Signed Integer                             ;
+----------------+--------+--------------------------------------------+
Note: In order to hide this table in the UI and the text report file, please set the "Show Parameter Settings in Synthesis Report" option in "Analysis and Synthesis Settings -> More Settings" to "Off".


+------------------------------------------------------------------------------------------------------------------------------------------------------------+
; Port Connectivity Checks: "xvga:vga"                                                                                                                       ;
+--------+--------+----------+-------------------------------------------------------------------------------------------------------------------------------+
; Port   ; Type   ; Severity ; Details                                                                                                                       ;
+--------+--------+----------+-------------------------------------------------------------------------------------------------------------------------------+
; hcount ; Output ; Warning  ; Output or bidir port (11 bits) is wider than the port expression (10 bits) it drives; bit(s) "hcount[10..10]" have no fanouts ;
+--------+--------+----------+-------------------------------------------------------------------------------------------------------------------------------+


+----------------------------------------------------------------------------------------------------------------------------------------------------------------------------------------------------------------+
; Port Connectivity Checks: "hexdisplay:score_2_tens_disp"                                                                                                                                                       ;
+--------+-------+----------+------------------------------------------------------------------------------------------------------------------------------------------------------------------------------------+
; Port   ; Type  ; Severity ; Details                                                                                                                                                                            ;
+--------+-------+----------+------------------------------------------------------------------------------------------------------------------------------------------------------------------------------------+
; in_HEX ; Input ; Warning  ; Input port expression (32 bits) is wider than the input port (4 bits) it drives.  The 28 most-significant bit(s) in the expression will be dangling if they have no other fanouts. ;
+--------+-------+----------+------------------------------------------------------------------------------------------------------------------------------------------------------------------------------------+


+----------------------------------------------------------------------------------------------------------------------------------------------------------------------------------------------------------------+
; Port Connectivity Checks: "hexdisplay:score_2_ones_disp"                                                                                                                                                       ;
+--------+-------+----------+------------------------------------------------------------------------------------------------------------------------------------------------------------------------------------+
; Port   ; Type  ; Severity ; Details                                                                                                                                                                            ;
+--------+-------+----------+------------------------------------------------------------------------------------------------------------------------------------------------------------------------------------+
; in_HEX ; Input ; Warning  ; Input port expression (32 bits) is wider than the input port (4 bits) it drives.  The 28 most-significant bit(s) in the expression will be dangling if they have no other fanouts. ;
+--------+-------+----------+------------------------------------------------------------------------------------------------------------------------------------------------------------------------------------+


+----------------------------------------------------------------------------------------------------------------------------------------------------------------------------------------------------------------+
; Port Connectivity Checks: "hexdisplay:score_1_tens_disp"                                                                                                                                                       ;
+--------+-------+----------+------------------------------------------------------------------------------------------------------------------------------------------------------------------------------------+
; Port   ; Type  ; Severity ; Details                                                                                                                                                                            ;
+--------+-------+----------+------------------------------------------------------------------------------------------------------------------------------------------------------------------------------------+
; in_HEX ; Input ; Warning  ; Input port expression (32 bits) is wider than the input port (4 bits) it drives.  The 28 most-significant bit(s) in the expression will be dangling if they have no other fanouts. ;
+--------+-------+----------+------------------------------------------------------------------------------------------------------------------------------------------------------------------------------------+


+----------------------------------------------------------------------------------------------------------------------------------------------------------------------------------------------------------------+
; Port Connectivity Checks: "hexdisplay:score_1_ones_disp"                                                                                                                                                       ;
+--------+-------+----------+------------------------------------------------------------------------------------------------------------------------------------------------------------------------------------+
; Port   ; Type  ; Severity ; Details                                                                                                                                                                            ;
+--------+-------+----------+------------------------------------------------------------------------------------------------------------------------------------------------------------------------------------+
; in_HEX ; Input ; Warning  ; Input port expression (32 bits) is wider than the input port (4 bits) it drives.  The 28 most-significant bit(s) in the expression will be dangling if they have no other fanouts. ;
+--------+-------+----------+------------------------------------------------------------------------------------------------------------------------------------------------------------------------------------+


+------------------------------------------------------------------------------------------------------------------------------------------------------------------------------------------------------------------------+
; Port Connectivity Checks: "state_machine:sm|random_number:rng_2"                                                                                                                                                       ;
+--------------+--------+----------+-------------------------------------------------------------------------------------------------------------------------------------------------------------------------------------+
; Port         ; Type   ; Severity ; Details                                                                                                                                                                             ;
+--------------+--------+----------+-------------------------------------------------------------------------------------------------------------------------------------------------------------------------------------+
; limit        ; Input  ; Warning  ; Input port expression (32 bits) is wider than the input port (10 bits) it drives.  The 22 most-significant bit(s) in the expression will be dangling if they have no other fanouts. ;
; limit[9..4]  ; Input  ; Info     ; Stuck at GND                                                                                                                                                                        ;
; limit[3]     ; Input  ; Info     ; Stuck at VCC                                                                                                                                                                        ;
; limit[2]     ; Input  ; Info     ; Stuck at GND                                                                                                                                                                        ;
; limit[1]     ; Input  ; Info     ; Stuck at VCC                                                                                                                                                                        ;
; limit[0]     ; Input  ; Info     ; Stuck at GND                                                                                                                                                                        ;
; number[9..2] ; Output ; Info     ; Connected to dangling logic. Logic that only feeds a dangling port will be removed.                                                                                                 ;
; number[0]    ; Output ; Info     ; Connected to dangling logic. Logic that only feeds a dangling port will be removed.                                                                                                 ;
+--------------+--------+----------+-------------------------------------------------------------------------------------------------------------------------------------------------------------------------------------+


+------------------------------------------------------------------------------------------------------------------------------------------------------------------------------------------------------------------------+
; Port Connectivity Checks: "state_machine:sm|random_number:rng_1"                                                                                                                                                       ;
+--------------+--------+----------+-------------------------------------------------------------------------------------------------------------------------------------------------------------------------------------+
; Port         ; Type   ; Severity ; Details                                                                                                                                                                             ;
+--------------+--------+----------+-------------------------------------------------------------------------------------------------------------------------------------------------------------------------------------+
; limit        ; Input  ; Warning  ; Input port expression (32 bits) is wider than the input port (10 bits) it drives.  The 22 most-significant bit(s) in the expression will be dangling if they have no other fanouts. ;
; limit[9..4]  ; Input  ; Info     ; Stuck at GND                                                                                                                                                                        ;
; limit[2..0]  ; Input  ; Info     ; Stuck at GND                                                                                                                                                                        ;
; limit[3]     ; Input  ; Info     ; Stuck at VCC                                                                                                                                                                        ;
; number[9..2] ; Output ; Info     ; Connected to dangling logic. Logic that only feeds a dangling port will be removed.                                                                                                 ;
; number[0]    ; Output ; Info     ; Connected to dangling logic. Logic that only feeds a dangling port will be removed.                                                                                                 ;
+--------------+--------+----------+-------------------------------------------------------------------------------------------------------------------------------------------------------------------------------------+


+----------------------------------------------------------------------------------------------------------------------------------------------------------------------------------------------------------------------+
; Port Connectivity Checks: "state_machine:sm|random_number:rng"                                                                                                                                                       ;
+-------------+-------+----------+-------------------------------------------------------------------------------------------------------------------------------------------------------------------------------------+
; Port        ; Type  ; Severity ; Details                                                                                                                                                                             ;
+-------------+-------+----------+-------------------------------------------------------------------------------------------------------------------------------------------------------------------------------------+
; limit       ; Input ; Warning  ; Input port expression (32 bits) is wider than the input port (10 bits) it drives.  The 22 most-significant bit(s) in the expression will be dangling if they have no other fanouts. ;
; limit[8..6] ; Input ; Info     ; Stuck at VCC                                                                                                                                                                        ;
; limit[2..1] ; Input ; Info     ; Stuck at VCC                                                                                                                                                                        ;
; limit[9]    ; Input ; Info     ; Stuck at GND                                                                                                                                                                        ;
; limit[5]    ; Input ; Info     ; Stuck at GND                                                                                                                                                                        ;
; limit[4]    ; Input ; Info     ; Stuck at VCC                                                                                                                                                                        ;
; limit[3]    ; Input ; Info     ; Stuck at GND                                                                                                                                                                        ;
; limit[0]    ; Input ; Info     ; Stuck at GND                                                                                                                                                                        ;
+-------------+-------+----------+-------------------------------------------------------------------------------------------------------------------------------------------------------------------------------------+


+-------------------------------------------------------------------------------------------------------------------------------+
; Port Connectivity Checks: "state_machine:sm"                                                                                  ;
+---------------------+--------+----------+-------------------------------------------------------------------------------------+
; Port                ; Type   ; Severity ; Details                                                                             ;
+---------------------+--------+----------+-------------------------------------------------------------------------------------+
; score_1_ones[31..4] ; Output ; Info     ; Connected to dangling logic. Logic that only feeds a dangling port will be removed. ;
; score_1_tens[31..4] ; Output ; Info     ; Connected to dangling logic. Logic that only feeds a dangling port will be removed. ;
; score_2_ones[31..4] ; Output ; Info     ; Connected to dangling logic. Logic that only feeds a dangling port will be removed. ;
; score_2_tens[31..4] ; Output ; Info     ; Connected to dangling logic. Logic that only feeds a dangling port will be removed. ;
+---------------------+--------+----------+-------------------------------------------------------------------------------------+


+-------------------------------+
; Elapsed Time Per Partition    ;
+----------------+--------------+
; Partition Name ; Elapsed Time ;
+----------------+--------------+
; Top            ; 00:00:02     ;
+----------------+--------------+


+-------------------------------+
; Analysis & Synthesis Messages ;
+-------------------------------+
Info: *******************************************************************
Info: Running Quartus II 64-Bit Analysis & Synthesis
    Info: Version 13.0.1 Build 232 06/12/2013 Service Pack 1 SJ Web Edition
    Info: Processing started: Wed Jul 16 17:59:49 2025
Info: Command: quartus_map --read_settings_files=on --write_settings_files=off Project -c Project
Warning (20028): Parallel compilation is not licensed and has been disabled
Info (12021): Found 1 design units, including 1 entities, in source file project.v
    Info (12023): Found entity 1: Project
Warning (12019): Can't analyze file -- file score.v is missing
Warning (12019): Can't analyze file -- file ps2_button_tracker.v is missing
Info (12021): Found 1 design units, including 1 entities, in source file random_number.v
    Info (12023): Found entity 1: random_number
Info (12127): Elaborating entity "Project" for the top level hierarchy
Warning (10034): Output port "LEDR" at Project.v(5) has no driver
Warning (10034): Output port "HEX0" at Project.v(6) has no driver
Warning (10034): Output port "HEX1" at Project.v(6) has no driver
Warning (10034): Output port "HEX2" at Project.v(6) has no driver
Warning (10034): Output port "HEX3" at Project.v(6) has no driver
Warning (12125): Using design file debounce.v, which is not specified as a design file for the current project, but contains definitions for 1 design units and 1 entities in project
    Info (12023): Found entity 1: debounce
Info (12128): Elaborating entity "debounce" for hierarchy "debounce:btn_deb_0"
Warning (10230): Verilog HDL assignment warning at debounce.v(17): truncated value with size 32 to match size of target (29)
Warning (12125): Using design file state_machine.v, which is not specified as a design file for the current project, but contains definitions for 1 design units and 1 entities in project
    Info (12023): Found entity 1: state_machine
Info (12128): Elaborating entity "state_machine" for hierarchy "state_machine:sm"
Warning (10230): Verilog HDL assignment warning at state_machine.v(24): truncated value with size 32 to match size of target (10)
Warning (10230): Verilog HDL assignment warning at state_machine.v(25): truncated value with size 32 to match size of target (10)
Warning (10230): Verilog HDL assignment warning at state_machine.v(56): truncated value with size 32 to match size of target (10)
Warning (10230): Verilog HDL assignment warning at state_machine.v(57): truncated value with size 32 to match size of target (10)
Warning (10230): Verilog HDL assignment warning at state_machine.v(79): truncated value with size 32 to match size of target (10)
Warning (10230): Verilog HDL assignment warning at state_machine.v(80): truncated value with size 32 to match size of target (10)
Warning (10230): Verilog HDL assignment warning at state_machine.v(81): truncated value with size 32 to match size of target (10)
Warning (10230): Verilog HDL assignment warning at state_machine.v(82): truncated value with size 32 to match size of target (10)
Warning (10230): Verilog HDL assignment warning at state_machine.v(94): truncated value with size 32 to match size of target (10)
Warning (10230): Verilog HDL assignment warning at state_machine.v(95): truncated value with size 32 to match size of target (10)
Warning (10230): Verilog HDL assignment warning at state_machine.v(99): truncated value with size 32 to match size of target (10)
Warning (10230): Verilog HDL assignment warning at state_machine.v(100): truncated value with size 32 to match size of target (10)
Warning (10230): Verilog HDL assignment warning at state_machine.v(104): truncated value with size 32 to match size of target (10)
Warning (10230): Verilog HDL assignment warning at state_machine.v(107): truncated value with size 32 to match size of target (10)
Warning (10230): Verilog HDL assignment warning at state_machine.v(113): truncated value with size 32 to match size of target (10)
Warning (10230): Verilog HDL assignment warning at state_machine.v(114): truncated value with size 32 to match size of target (10)
Warning (10230): Verilog HDL assignment warning at state_machine.v(118): truncated value with size 32 to match size of target (10)
Warning (10230): Verilog HDL assignment warning at state_machine.v(121): truncated value with size 32 to match size of target (10)
Warning (10230): Verilog HDL assignment warning at state_machine.v(161): truncated value with size 32 to match size of target (10)
Warning (10230): Verilog HDL assignment warning at state_machine.v(176): truncated value with size 32 to match size of target (10)
Info (12128): Elaborating entity "random_number" for hierarchy "state_machine:sm|random_number:rng"
Warning (10230): Verilog HDL assignment warning at random_number.v(13): truncated value with size 32 to match size of target (10)
Warning (12125): Using design file hexdisplay.v, which is not specified as a design file for the current project, but contains definitions for 1 design units and 1 entities in project
    Info (12023): Found entity 1: hexdisplay
Info (12128): Elaborating entity "hexdisplay" for hierarchy "hexdisplay:score_1_ones_disp"
Warning (10270): Verilog HDL Case Statement warning at hexdisplay.v(9): incomplete case statement has no default case item
Warning (10240): Verilog HDL Always Construct warning at hexdisplay.v(7): inferring latch(es) for variable "out_SEG", which holds its previous value in one or more paths through the always construct
Info (10041): Inferred latch for "out_SEG[0]" at hexdisplay.v(7)
Info (10041): Inferred latch for "out_SEG[1]" at hexdisplay.v(7)
Info (10041): Inferred latch for "out_SEG[2]" at hexdisplay.v(7)
Info (10041): Inferred latch for "out_SEG[3]" at hexdisplay.v(7)
Info (10041): Inferred latch for "out_SEG[4]" at hexdisplay.v(7)
Info (10041): Inferred latch for "out_SEG[5]" at hexdisplay.v(7)
Info (10041): Inferred latch for "out_SEG[6]" at hexdisplay.v(7)
Warning (12125): Using design file generate_clocks.v, which is not specified as a design file for the current project, but contains definitions for 1 design units and 1 entities in project
    Info (12023): Found entity 1: generate_clocks
Info (12128): Elaborating entity "generate_clocks" for hierarchy "generate_clocks:clk_gen"
Warning (12125): Using design file xvga.v, which is not specified as a design file for the current project, but contains definitions for 1 design units and 1 entities in project
    Info (12023): Found entity 1: xvga
Info (12128): Elaborating entity "xvga" for hierarchy "xvga:vga"
Warning (10230): Verilog HDL assignment warning at xvga.v(31): truncated value with size 32 to match size of target (1)
Warning (10230): Verilog HDL assignment warning at xvga.v(32): truncated value with size 32 to match size of target (1)
Warning (10230): Verilog HDL assignment warning at xvga.v(36): truncated value with size 32 to match size of target (11)
Warning (10230): Verilog HDL assignment warning at xvga.v(38): truncated value with size 32 to match size of target (1)
Warning (10230): Verilog HDL assignment warning at xvga.v(40): truncated value with size 32 to match size of target (10)
Warning (10230): Verilog HDL assignment warning at xvga.v(42): truncated value with size 32 to match size of target (1)
Warning (12241): 8 hierarchies have connectivity warnings - see the Connectivity Checks report folder
Warning (13012): Latch hexdisplay:score_2_ones_disp|out_SEG[0] has unsafe behavior
    Warning (13013): Ports D and ENA on the latch are fed by the same signal state_machine:sm|score_2_ones[1]
Warning (13012): Latch hexdisplay:score_2_ones_disp|out_SEG[1] has unsafe behavior
    Warning (13013): Ports D and ENA on the latch are fed by the same signal state_machine:sm|score_2_ones[2]
Warning (13012): Latch hexdisplay:score_2_ones_disp|out_SEG[2] has unsafe behavior
    Warning (13013): Ports D and ENA on the latch are fed by the same signal state_machine:sm|score_2_ones[1]
Warning (13012): Latch hexdisplay:score_2_ones_disp|out_SEG[3] has unsafe behavior
    Warning (13013): Ports D and ENA on the latch are fed by the same signal state_machine:sm|score_2_ones[2]
Warning (13012): Latch hexdisplay:score_2_ones_disp|out_SEG[4] has unsafe behavior
    Warning (13013): Ports D and ENA on the latch are fed by the same signal state_machine:sm|score_2_ones[1]
Warning (13012): Latch hexdisplay:score_2_ones_disp|out_SEG[5] has unsafe behavior
    Warning (13013): Ports D and ENA on the latch are fed by the same signal state_machine:sm|score_2_ones[1]
Warning (13012): Latch hexdisplay:score_2_ones_disp|out_SEG[6] has unsafe behavior
    Warning (13013): Ports D and ENA on the latch are fed by the same signal state_machine:sm|score_2_ones[1]
Warning (13012): Latch hexdisplay:score_2_tens_disp|out_SEG[0] has unsafe behavior
    Warning (13013): Ports D and ENA on the latch are fed by the same signal state_machine:sm|score_2_tens[1]
Warning (13012): Latch hexdisplay:score_2_tens_disp|out_SEG[1] has unsafe behavior
    Warning (13013): Ports D and ENA on the latch are fed by the same signal state_machine:sm|score_2_tens[2]
Warning (13012): Latch hexdisplay:score_2_tens_disp|out_SEG[2] has unsafe behavior
    Warning (13013): Ports D and ENA on the latch are fed by the same signal state_machine:sm|score_2_tens[1]
Warning (13012): Latch hexdisplay:score_2_tens_disp|out_SEG[3] has unsafe behavior
    Warning (13013): Ports D and ENA on the latch are fed by the same signal state_machine:sm|score_2_tens[2]
Warning (13012): Latch hexdisplay:score_2_tens_disp|out_SEG[4] has unsafe behavior
    Warning (13013): Ports D and ENA on the latch are fed by the same signal state_machine:sm|score_2_tens[1]
Warning (13012): Latch hexdisplay:score_2_tens_disp|out_SEG[5] has unsafe behavior
    Warning (13013): Ports D and ENA on the latch are fed by the same signal state_machine:sm|score_2_tens[1]
Warning (13012): Latch hexdisplay:score_2_tens_disp|out_SEG[6] has unsafe behavior
    Warning (13013): Ports D and ENA on the latch are fed by the same signal state_machine:sm|score_2_tens[1]
Warning (13012): Latch hexdisplay:score_1_ones_disp|out_SEG[0] has unsafe behavior
    Warning (13013): Ports D and ENA on the latch are fed by the same signal state_machine:sm|score_1_ones[1]
Warning (13012): Latch hexdisplay:score_1_ones_disp|out_SEG[1] has unsafe behavior
    Warning (13013): Ports D and ENA on the latch are fed by the same signal state_machine:sm|score_1_ones[2]
Warning (13012): Latch hexdisplay:score_1_ones_disp|out_SEG[2] has unsafe behavior
    Warning (13013): Ports D and ENA on the latch are fed by the same signal state_machine:sm|score_1_ones[1]
Warning (13012): Latch hexdisplay:score_1_ones_disp|out_SEG[3] has unsafe behavior
    Warning (13013): Ports D and ENA on the latch are fed by the same signal state_machine:sm|score_1_ones[2]
Warning (13012): Latch hexdisplay:score_1_ones_disp|out_SEG[4] has unsafe behavior
    Warning (13013): Ports D and ENA on the latch are fed by the same signal state_machine:sm|score_1_ones[1]
Warning (13012): Latch hexdisplay:score_1_ones_disp|out_SEG[5] has unsafe behavior
    Warning (13013): Ports D and ENA on the latch are fed by the same signal state_machine:sm|score_1_ones[1]
Warning (13012): Latch hexdisplay:score_1_ones_disp|out_SEG[6] has unsafe behavior
    Warning (13013): Ports D and ENA on the latch are fed by the same signal state_machine:sm|score_1_ones[1]
Warning (13012): Latch hexdisplay:score_1_tens_disp|out_SEG[0] has unsafe behavior
    Warning (13013): Ports D and ENA on the latch are fed by the same signal state_machine:sm|score_1_tens[1]
Warning (13012): Latch hexdisplay:score_1_tens_disp|out_SEG[1] has unsafe behavior
    Warning (13013): Ports D and ENA on the latch are fed by the same signal state_machine:sm|score_1_tens[2]
Warning (13012): Latch hexdisplay:score_1_tens_disp|out_SEG[2] has unsafe behavior
    Warning (13013): Ports D and ENA on the latch are fed by the same signal state_machine:sm|score_1_tens[1]
Warning (13012): Latch hexdisplay:score_1_tens_disp|out_SEG[3] has unsafe behavior
    Warning (13013): Ports D and ENA on the latch are fed by the same signal state_machine:sm|score_1_tens[2]
Warning (13012): Latch hexdisplay:score_1_tens_disp|out_SEG[4] has unsafe behavior
    Warning (13013): Ports D and ENA on the latch are fed by the same signal state_machine:sm|score_1_tens[1]
Warning (13012): Latch hexdisplay:score_1_tens_disp|out_SEG[5] has unsafe behavior
    Warning (13013): Ports D and ENA on the latch are fed by the same signal state_machine:sm|score_1_tens[1]
Warning (13012): Latch hexdisplay:score_1_tens_disp|out_SEG[6] has unsafe behavior
    Warning (13013): Ports D and ENA on the latch are fed by the same signal state_machine:sm|score_1_tens[1]
Warning (13024): Output pins are stuck at VCC or GND
    Warning (13410): Pin "LEDR[0]" is stuck at GND
    Warning (13410): Pin "LEDR[1]" is stuck at GND
    Warning (13410): Pin "HEX0[0]" is stuck at GND
    Warning (13410): Pin "HEX0[1]" is stuck at GND
    Warning (13410): Pin "HEX0[2]" is stuck at GND
    Warning (13410): Pin "HEX0[3]" is stuck at GND
    Warning (13410): Pin "HEX0[4]" is stuck at GND
    Warning (13410): Pin "HEX0[5]" is stuck at GND
    Warning (13410): Pin "HEX0[6]" is stuck at GND
    Warning (13410): Pin "HEX1[0]" is stuck at GND
    Warning (13410): Pin "HEX1[1]" is stuck at GND
    Warning (13410): Pin "HEX1[2]" is stuck at GND
    Warning (13410): Pin "HEX1[3]" is stuck at GND
    Warning (13410): Pin "HEX1[4]" is stuck at GND
    Warning (13410): Pin "HEX1[5]" is stuck at GND
    Warning (13410): Pin "HEX1[6]" is stuck at GND
    Warning (13410): Pin "HEX2[0]" is stuck at GND
    Warning (13410): Pin "HEX2[1]" is stuck at GND
    Warning (13410): Pin "HEX2[2]" is stuck at GND
    Warning (13410): Pin "HEX2[3]" is stuck at GND
    Warning (13410): Pin "HEX2[4]" is stuck at GND
    Warning (13410): Pin "HEX2[5]" is stuck at GND
    Warning (13410): Pin "HEX2[6]" is stuck at GND
    Warning (13410): Pin "HEX3[0]" is stuck at GND
    Warning (13410): Pin "HEX3[1]" is stuck at GND
    Warning (13410): Pin "HEX3[2]" is stuck at GND
    Warning (13410): Pin "HEX3[3]" is stuck at GND
    Warning (13410): Pin "HEX3[4]" is stuck at GND
    Warning (13410): Pin "HEX3[5]" is stuck at GND
    Warning (13410): Pin "HEX3[6]" is stuck at GND
Info (17049): 22 registers lost all their fanouts during netlist optimizations.
Info (144001): Generated suppressed messages file H:/TUM-PC/Dokumente/GitHub/Project_Pong_VHDL/vhdl/output_files/Project.map.smsg
Info (16010): Generating hard_block partition "hard_block:auto_generated_inst"
    Info (16011): Adding 0 node(s), including 0 DDIO, 0 PLL, 0 transceiver and 0 LCELL
Warning (21074): Design contains 17 input pin(s) that do not drive logic
    Warning (15610): No output dependent on input pin "CLOCK_27"
    Warning (15610): No output dependent on input pin "SW[1]"
    Warning (15610): No output dependent on input pin "SW[2]"
    Warning (15610): No output dependent on input pin "SW[3]"
    Warning (15610): No output dependent on input pin "SW[4]"
    Warning (15610): No output dependent on input pin "SW[5]"
    Warning (15610): No output dependent on input pin "SW[6]"
    Warning (15610): No output dependent on input pin "SW[7]"
    Warning (15610): No output dependent on input pin "SW[8]"
    Warning (15610): No output dependent on input pin "SW[9]"
    Warning (15610): No output dependent on input pin "SW[10]"
    Warning (15610): No output dependent on input pin "SW[11]"
    Warning (15610): No output dependent on input pin "SW[12]"
    Warning (15610): No output dependent on input pin "SW[13]"
    Warning (15610): No output dependent on input pin "SW[14]"
    Warning (15610): No output dependent on input pin "SW[15]"
    Warning (15610): No output dependent on input pin "SW[16]"
Info (21057): Implemented 1505 device resources after synthesis - the final resource count might be different
    Info (21058): Implemented 24 input pins
    Info (21059): Implemented 92 output pins
    Info (21061): Implemented 1389 logic cells
Info: Quartus II 64-Bit Analysis & Synthesis was successful. 0 errors, 149 warnings
    Info: Peak virtual memory: 4603 megabytes
    Info: Processing ended: Wed Jul 16 17:59:58 2025
    Info: Elapsed time: 00:00:09
    Info: Total CPU time (on all processors): 00:00:05


+------------------------------------------+
; Analysis & Synthesis Suppressed Messages ;
+------------------------------------------+
The suppressed messages can be found in H:/TUM-PC/Dokumente/GitHub/Project_Pong_VHDL/vhdl/output_files/Project.map.smsg.


